<?xml version="1.0" encoding="UTF-8"?>
<!-- Generated by org.testng.reporters.JUnitReportReporter -->
<testsuite hostname="Purushoth" name="testpackage.MavenTest1" tests="1" failures="0" timestamp="28 Jul 2020 09:39:29 GMT" time="10.409" errors="0">
  <testcase name="test" time="10.409" classname="testpackage.MavenTest1"/>
</testsuite> <!-- testpackage.MavenTest1 -->
