<?xml version="1.0" encoding="UTF-8"?>
<!-- Generated by org.testng.reporters.JUnitReportReporter -->
<testsuite hostname="Purushoth" name="testpackage.MavenTest1" tests="1" failures="0" timestamp="29 Jul 2020 02:41:58 GMT" time="9.683" errors="0">
  <testcase name="test" time="9.683" classname="testpackage.MavenTest1"/>
</testsuite> <!-- testpackage.MavenTest1 -->
