<?xml version="1.0" encoding="UTF-8"?>
<!-- Generated by org.testng.reporters.JUnitReportReporter -->
<testsuite hostname="Purushoth" name="testpackage.MavenTest1" tests="1" failures="0" timestamp="28 Jul 2020 17:47:14 GMT" time="23.655" errors="0">
  <testcase name="test" time="23.655" classname="testpackage.MavenTest1"/>
</testsuite> <!-- testpackage.MavenTest1 -->
