<?xml version="1.0" encoding="UTF-8"?>
<!-- Generated by org.testng.reporters.JUnitReportReporter -->
<testsuite hostname="Purushoth" name="testpackage.MavenTest1" tests="1" failures="0" timestamp="28 Jul 2020 18:02:45 GMT" time="9.420" errors="0">
  <testcase name="test" time="9.420" classname="testpackage.MavenTest1"/>
</testsuite> <!-- testpackage.MavenTest1 -->
